d:\source code\ghcommon\x64\debug\vc143.pdb
d:\source code\ghcommon\x64\debug\vc143.idb
d:\source code\ghcommon\x64\debug\ghcommon.nativecodeanalysis.sarif
d:\source code\ghcommon\x64\debug\ghcommon.nativecodeanalysis.xml
d:\source code\ghcommon\x64\debug\test_numbers.nativecodeanalysis.sarif
d:\source code\ghcommon\x64\debug\test_numbers.nativecodeanalysis.xml
d:\source code\ghcommon\x64\debug\ghcommon.obj
d:\source code\ghcommon\x64\debug\test_string.obj
d:\source code\ghcommon\x64\debug\ghcommon.exe
d:\source code\ghcommon\x64\debug\ghcommon.ilk
d:\source code\ghcommon\x64\debug\ghcommon.pdb
d:\source code\ghcommon\x64\debug\test_numbers.obj
d:\source code\ghcommon\x64\debug\vc.nativecodeanalysis.all.xml
d:\source code\ghcommon\x64\debug\ghcommon.tlog\cl.command.1.tlog
d:\source code\ghcommon\x64\debug\ghcommon.tlog\cl.items.tlog
d:\source code\ghcommon\x64\debug\ghcommon.tlog\cl.read.1.tlog
d:\source code\ghcommon\x64\debug\ghcommon.tlog\cl.write.1.tlog
d:\source code\ghcommon\x64\debug\ghcommon.tlog\link.command.1.tlog
d:\source code\ghcommon\x64\debug\ghcommon.tlog\link.read.1.tlog
d:\source code\ghcommon\x64\debug\ghcommon.tlog\link.write.1.tlog
